[2024-11-15T21:26:11.514+0000] {local_task_job_runner.py:123} INFO - ::group::Pre task execution logs
[2024-11-15T21:26:11.685+0000] {taskinstance.py:2613} INFO - Dependencies all met for dep_context=non-requeueable deps ti=<TaskInstance: stock_sentiment_analysis.extract_data manual__2024-11-15T21:25:29.336169+00:00 [queued]>
[2024-11-15T21:26:11.875+0000] {taskinstance.py:2613} INFO - Dependencies all met for dep_context=requeueable deps ti=<TaskInstance: stock_sentiment_analysis.extract_data manual__2024-11-15T21:25:29.336169+00:00 [queued]>
[2024-11-15T21:26:11.887+0000] {taskinstance.py:2866} INFO - Starting attempt 1 of 2
[2024-11-15T21:26:12.166+0000] {taskinstance.py:2889} INFO - Executing <Task(PythonOperator): extract_data> on 2024-11-15 21:25:29.336169+00:00
[2024-11-15T21:26:12.488+0000] {standard_task_runner.py:104} INFO - Running: ['***', 'tasks', 'run', 'stock_sentiment_analysis', 'extract_data', 'manual__2024-11-15T21:25:29.336169+00:00', '--job-id', '26', '--raw', '--subdir', 'DAGS_FOLDER/ETL_saham_dag.py', '--cfg-path', '/tmp/tmpl5z1wxvn']
[2024-11-15T21:26:12.560+0000] {standard_task_runner.py:105} INFO - Job 26: Subtask extract_data
[2024-11-15T21:26:12.559+0000] {warnings.py:112} WARNING - /home/***/.local/lib/python3.12/site-packages/***/task/task_runner/standard_task_runner.py:70: DeprecationWarning: This process (pid=138) is multi-threaded, use of fork() may lead to deadlocks in the child.
  pid = os.fork()

[2024-11-15T21:26:12.564+0000] {standard_task_runner.py:72} INFO - Started process 178 to run task
[2024-11-15T21:26:13.375+0000] {task_command.py:467} INFO - Running <TaskInstance: stock_sentiment_analysis.extract_data manual__2024-11-15T21:25:29.336169+00:00 [running]> on host 50375b572a3b
[2024-11-15T21:26:13.853+0000] {taskinstance.py:3132} INFO - Exporting env vars: AIRFLOW_CTX_DAG_OWNER='***' AIRFLOW_CTX_DAG_ID='stock_sentiment_analysis' AIRFLOW_CTX_TASK_ID='extract_data' AIRFLOW_CTX_EXECUTION_DATE='2024-11-15T21:25:29.336169+00:00' AIRFLOW_CTX_TRY_NUMBER='1' AIRFLOW_CTX_DAG_RUN_ID='manual__2024-11-15T21:25:29.336169+00:00'
[2024-11-15T21:26:13.856+0000] {logging_mixin.py:190} INFO - Task instance is in running state
[2024-11-15T21:26:13.857+0000] {logging_mixin.py:190} INFO -  Previous state of the Task instance: queued
[2024-11-15T21:26:13.859+0000] {logging_mixin.py:190} INFO - Current task name:extract_data state:running start_date:2024-11-15 21:26:11.687162+00:00
[2024-11-15T21:26:13.860+0000] {logging_mixin.py:190} INFO - Dag name:stock_sentiment_analysis and current dag run status:running
[2024-11-15T21:26:13.862+0000] {taskinstance.py:731} INFO - ::endgroup::
[2024-11-15T21:26:19.188+0000] {python.py:240} INFO - Done. Returned value was: ({'Information': 'Thank you for using Alpha Vantage! Our standard API rate limit is 25 requests per day. Please subscribe to any of the premium plans at https://www.alphavantage.co/premium/ to instantly remove all daily rate limits.'}, {'status': 'error', 'code': 'apiKeyInvalid', 'message': 'Your API key is invalid or incorrect. Check your key, or go to https://newsapi.org to create a free API key.'})
[2024-11-15T21:26:19.459+0000] {taskinstance.py:340} INFO - ::group::Post task execution logs
[2024-11-15T21:26:19.481+0000] {taskinstance.py:352} INFO - Marking task as SUCCESS. dag_id=stock_sentiment_analysis, task_id=extract_data, run_id=manual__2024-11-15T21:25:29.336169+00:00, execution_date=20241115T212529, start_date=20241115T212611, end_date=20241115T212619
[2024-11-15T21:26:19.589+0000] {logging_mixin.py:190} INFO - Task instance in success state
[2024-11-15T21:26:19.607+0000] {logging_mixin.py:190} INFO -  Previous state of the Task instance: running
[2024-11-15T21:26:19.608+0000] {logging_mixin.py:190} INFO - Dag name:stock_sentiment_analysis queued_at:2024-11-15 21:25:29.475913+00:00
[2024-11-15T21:26:19.610+0000] {logging_mixin.py:190} INFO - Task hostname:50375b572a3b operator:PythonOperator
[2024-11-15T21:26:19.844+0000] {local_task_job_runner.py:266} INFO - Task exited with return code 0
[2024-11-15T21:26:19.904+0000] {local_task_job_runner.py:245} INFO - ::endgroup::
