[2024-11-15T21:26:09.793+0000] {local_task_job_runner.py:123} INFO - ::group::Pre task execution logs
[2024-11-15T21:26:10.010+0000] {taskinstance.py:2613} INFO - Dependencies all met for dep_context=non-requeueable deps ti=<TaskInstance: stock_sentiment_analysis.extract_data scheduled__2023-10-02T00:00:00+00:00 [queued]>
[2024-11-15T21:26:10.094+0000] {taskinstance.py:2613} INFO - Dependencies all met for dep_context=requeueable deps ti=<TaskInstance: stock_sentiment_analysis.extract_data scheduled__2023-10-02T00:00:00+00:00 [queued]>
[2024-11-15T21:26:10.096+0000] {taskinstance.py:2866} INFO - Starting attempt 1 of 2
[2024-11-15T21:26:10.229+0000] {taskinstance.py:2889} INFO - Executing <Task(PythonOperator): extract_data> on 2023-10-02 00:00:00+00:00
[2024-11-15T21:26:10.315+0000] {warnings.py:112} WARNING - /home/***/.local/lib/python3.12/site-packages/***/task/task_runner/standard_task_runner.py:70: DeprecationWarning: This process (pid=112) is multi-threaded, use of fork() may lead to deadlocks in the child.
  pid = os.fork()

[2024-11-15T21:26:10.351+0000] {standard_task_runner.py:72} INFO - Started process 150 to run task
[2024-11-15T21:26:10.368+0000] {standard_task_runner.py:104} INFO - Running: ['***', 'tasks', 'run', 'stock_sentiment_analysis', 'extract_data', 'scheduled__2023-10-02T00:00:00+00:00', '--job-id', '12', '--raw', '--subdir', 'DAGS_FOLDER/ETL_saham_dag.py', '--cfg-path', '/tmp/tmp7lag0g4x']
[2024-11-15T21:26:10.391+0000] {standard_task_runner.py:105} INFO - Job 12: Subtask extract_data
[2024-11-15T21:26:11.571+0000] {task_command.py:467} INFO - Running <TaskInstance: stock_sentiment_analysis.extract_data scheduled__2023-10-02T00:00:00+00:00 [running]> on host 50375b572a3b
[2024-11-15T21:26:13.334+0000] {taskinstance.py:3132} INFO - Exporting env vars: AIRFLOW_CTX_DAG_OWNER='***' AIRFLOW_CTX_DAG_ID='stock_sentiment_analysis' AIRFLOW_CTX_TASK_ID='extract_data' AIRFLOW_CTX_EXECUTION_DATE='2023-10-02T00:00:00+00:00' AIRFLOW_CTX_TRY_NUMBER='1' AIRFLOW_CTX_DAG_RUN_ID='scheduled__2023-10-02T00:00:00+00:00'
[2024-11-15T21:26:13.358+0000] {logging_mixin.py:190} INFO - Task instance is in running state
[2024-11-15T21:26:13.363+0000] {logging_mixin.py:190} INFO -  Previous state of the Task instance: queued
[2024-11-15T21:26:13.371+0000] {logging_mixin.py:190} INFO - Current task name:extract_data state:running start_date:2024-11-15 21:26:10.018490+00:00
[2024-11-15T21:26:13.375+0000] {logging_mixin.py:190} INFO - Dag name:stock_sentiment_analysis and current dag run status:running
[2024-11-15T21:26:13.379+0000] {taskinstance.py:731} INFO - ::endgroup::
[2024-11-15T21:26:19.224+0000] {python.py:240} INFO - Done. Returned value was: ({'Information': 'Thank you for using Alpha Vantage! Our standard API rate limit is 25 requests per day. Please subscribe to any of the premium plans at https://www.alphavantage.co/premium/ to instantly remove all daily rate limits.'}, {'status': 'error', 'code': 'apiKeyInvalid', 'message': 'Your API key is invalid or incorrect. Check your key, or go to https://newsapi.org to create a free API key.'})
[2024-11-15T21:26:19.447+0000] {taskinstance.py:340} INFO - ::group::Post task execution logs
[2024-11-15T21:26:19.456+0000] {taskinstance.py:352} INFO - Marking task as SUCCESS. dag_id=stock_sentiment_analysis, task_id=extract_data, run_id=scheduled__2023-10-02T00:00:00+00:00, execution_date=20231002T000000, start_date=20241115T212610, end_date=20241115T212619
[2024-11-15T21:26:19.578+0000] {logging_mixin.py:190} INFO - Task instance in success state
[2024-11-15T21:26:19.591+0000] {logging_mixin.py:190} INFO -  Previous state of the Task instance: running
[2024-11-15T21:26:19.596+0000] {logging_mixin.py:190} INFO - Dag name:stock_sentiment_analysis queued_at:2024-11-15 21:25:24.517339+00:00
[2024-11-15T21:26:19.605+0000] {logging_mixin.py:190} INFO - Task hostname:50375b572a3b operator:PythonOperator
[2024-11-15T21:26:19.836+0000] {local_task_job_runner.py:266} INFO - Task exited with return code 0
[2024-11-15T21:26:19.921+0000] {local_task_job_runner.py:245} INFO - ::endgroup::
