[2024-11-15T21:26:09.879+0000] {local_task_job_runner.py:123} INFO - ::group::Pre task execution logs
[2024-11-15T21:26:10.017+0000] {taskinstance.py:2613} INFO - Dependencies all met for dep_context=non-requeueable deps ti=<TaskInstance: stock_sentiment_analysis.extract_data scheduled__2023-10-06T00:00:00+00:00 [queued]>
[2024-11-15T21:26:10.055+0000] {taskinstance.py:2613} INFO - Dependencies all met for dep_context=requeueable deps ti=<TaskInstance: stock_sentiment_analysis.extract_data scheduled__2023-10-06T00:00:00+00:00 [queued]>
[2024-11-15T21:26:10.066+0000] {taskinstance.py:2866} INFO - Starting attempt 1 of 2
[2024-11-15T21:26:10.254+0000] {taskinstance.py:2889} INFO - Executing <Task(PythonOperator): extract_data> on 2023-10-06 00:00:00+00:00
[2024-11-15T21:26:10.388+0000] {warnings.py:112} WARNING - /home/***/.local/lib/python3.12/site-packages/***/task/task_runner/standard_task_runner.py:70: DeprecationWarning: This process (pid=121) is multi-threaded, use of fork() may lead to deadlocks in the child.
  pid = os.fork()

[2024-11-15T21:26:10.433+0000] {standard_task_runner.py:72} INFO - Started process 153 to run task
[2024-11-15T21:26:10.528+0000] {standard_task_runner.py:104} INFO - Running: ['***', 'tasks', 'run', 'stock_sentiment_analysis', 'extract_data', 'scheduled__2023-10-06T00:00:00+00:00', '--job-id', '13', '--raw', '--subdir', 'DAGS_FOLDER/ETL_saham_dag.py', '--cfg-path', '/tmp/tmpsr65d63z']
[2024-11-15T21:26:10.545+0000] {standard_task_runner.py:105} INFO - Job 13: Subtask extract_data
[2024-11-15T21:26:11.838+0000] {task_command.py:467} INFO - Running <TaskInstance: stock_sentiment_analysis.extract_data scheduled__2023-10-06T00:00:00+00:00 [running]> on host 50375b572a3b
[2024-11-15T21:26:13.343+0000] {taskinstance.py:3132} INFO - Exporting env vars: AIRFLOW_CTX_DAG_OWNER='***' AIRFLOW_CTX_DAG_ID='stock_sentiment_analysis' AIRFLOW_CTX_TASK_ID='extract_data' AIRFLOW_CTX_EXECUTION_DATE='2023-10-06T00:00:00+00:00' AIRFLOW_CTX_TRY_NUMBER='1' AIRFLOW_CTX_DAG_RUN_ID='scheduled__2023-10-06T00:00:00+00:00'
[2024-11-15T21:26:13.356+0000] {logging_mixin.py:190} INFO - Task instance is in running state
[2024-11-15T21:26:13.360+0000] {logging_mixin.py:190} INFO -  Previous state of the Task instance: queued
[2024-11-15T21:26:13.365+0000] {logging_mixin.py:190} INFO - Current task name:extract_data state:running start_date:2024-11-15 21:26:10.020108+00:00
[2024-11-15T21:26:13.369+0000] {logging_mixin.py:190} INFO - Dag name:stock_sentiment_analysis and current dag run status:running
[2024-11-15T21:26:13.376+0000] {taskinstance.py:731} INFO - ::endgroup::
[2024-11-15T21:26:19.195+0000] {python.py:240} INFO - Done. Returned value was: ({'Information': 'Thank you for using Alpha Vantage! Our standard API rate limit is 25 requests per day. Please subscribe to any of the premium plans at https://www.alphavantage.co/premium/ to instantly remove all daily rate limits.'}, {'status': 'error', 'code': 'apiKeyInvalid', 'message': 'Your API key is invalid or incorrect. Check your key, or go to https://newsapi.org to create a free API key.'})
[2024-11-15T21:26:19.474+0000] {taskinstance.py:340} INFO - ::group::Post task execution logs
[2024-11-15T21:26:19.483+0000] {taskinstance.py:352} INFO - Marking task as SUCCESS. dag_id=stock_sentiment_analysis, task_id=extract_data, run_id=scheduled__2023-10-06T00:00:00+00:00, execution_date=20231006T000000, start_date=20241115T212610, end_date=20241115T212619
[2024-11-15T21:26:19.685+0000] {logging_mixin.py:190} INFO - Task instance in success state
[2024-11-15T21:26:19.690+0000] {logging_mixin.py:190} INFO -  Previous state of the Task instance: running
[2024-11-15T21:26:19.692+0000] {logging_mixin.py:190} INFO - Dag name:stock_sentiment_analysis queued_at:2024-11-15 21:25:25.134190+00:00
[2024-11-15T21:26:19.701+0000] {logging_mixin.py:190} INFO - Task hostname:50375b572a3b operator:PythonOperator
[2024-11-15T21:26:19.892+0000] {local_task_job_runner.py:266} INFO - Task exited with return code 0
[2024-11-15T21:26:19.942+0000] {local_task_job_runner.py:245} INFO - ::endgroup::
