[2024-11-15T21:26:10.229+0000] {local_task_job_runner.py:123} INFO - ::group::Pre task execution logs
[2024-11-15T21:26:10.523+0000] {taskinstance.py:2613} INFO - Dependencies all met for dep_context=non-requeueable deps ti=<TaskInstance: stock_sentiment_analysis.extract_data scheduled__2023-10-04T00:00:00+00:00 [queued]>
[2024-11-15T21:26:10.639+0000] {taskinstance.py:2613} INFO - Dependencies all met for dep_context=requeueable deps ti=<TaskInstance: stock_sentiment_analysis.extract_data scheduled__2023-10-04T00:00:00+00:00 [queued]>
[2024-11-15T21:26:10.648+0000] {taskinstance.py:2866} INFO - Starting attempt 1 of 2
[2024-11-15T21:26:11.142+0000] {taskinstance.py:2889} INFO - Executing <Task(PythonOperator): extract_data> on 2023-10-04 00:00:00+00:00
[2024-11-15T21:26:11.389+0000] {standard_task_runner.py:104} INFO - Running: ['***', 'tasks', 'run', 'stock_sentiment_analysis', 'extract_data', 'scheduled__2023-10-04T00:00:00+00:00', '--job-id', '22', '--raw', '--subdir', 'DAGS_FOLDER/ETL_saham_dag.py', '--cfg-path', '/tmp/tmp2pyvp9yz']
[2024-11-15T21:26:11.410+0000] {standard_task_runner.py:105} INFO - Job 22: Subtask extract_data
[2024-11-15T21:26:11.330+0000] {warnings.py:112} WARNING - /home/***/.local/lib/python3.12/site-packages/***/task/task_runner/standard_task_runner.py:70: DeprecationWarning: This process (pid=114) is multi-threaded, use of fork() may lead to deadlocks in the child.
  pid = os.fork()

[2024-11-15T21:26:11.504+0000] {standard_task_runner.py:72} INFO - Started process 167 to run task
[2024-11-15T21:26:12.914+0000] {task_command.py:467} INFO - Running <TaskInstance: stock_sentiment_analysis.extract_data scheduled__2023-10-04T00:00:00+00:00 [running]> on host 50375b572a3b
[2024-11-15T21:26:13.682+0000] {taskinstance.py:3132} INFO - Exporting env vars: AIRFLOW_CTX_DAG_OWNER='***' AIRFLOW_CTX_DAG_ID='stock_sentiment_analysis' AIRFLOW_CTX_TASK_ID='extract_data' AIRFLOW_CTX_EXECUTION_DATE='2023-10-04T00:00:00+00:00' AIRFLOW_CTX_TRY_NUMBER='1' AIRFLOW_CTX_DAG_RUN_ID='scheduled__2023-10-04T00:00:00+00:00'
[2024-11-15T21:26:13.689+0000] {logging_mixin.py:190} INFO - Task instance is in running state
[2024-11-15T21:26:13.696+0000] {logging_mixin.py:190} INFO -  Previous state of the Task instance: queued
[2024-11-15T21:26:13.697+0000] {logging_mixin.py:190} INFO - Current task name:extract_data state:running start_date:2024-11-15 21:26:10.531263+00:00
[2024-11-15T21:26:13.701+0000] {logging_mixin.py:190} INFO - Dag name:stock_sentiment_analysis and current dag run status:running
[2024-11-15T21:26:13.702+0000] {taskinstance.py:731} INFO - ::endgroup::
[2024-11-15T21:26:19.215+0000] {python.py:240} INFO - Done. Returned value was: ({'Information': 'Thank you for using Alpha Vantage! Our standard API rate limit is 25 requests per day. Please subscribe to any of the premium plans at https://www.alphavantage.co/premium/ to instantly remove all daily rate limits.'}, {'status': 'error', 'code': 'apiKeyInvalid', 'message': 'Your API key is invalid or incorrect. Check your key, or go to https://newsapi.org to create a free API key.'})
[2024-11-15T21:26:19.515+0000] {taskinstance.py:340} INFO - ::group::Post task execution logs
[2024-11-15T21:26:19.519+0000] {taskinstance.py:352} INFO - Marking task as SUCCESS. dag_id=stock_sentiment_analysis, task_id=extract_data, run_id=scheduled__2023-10-04T00:00:00+00:00, execution_date=20231004T000000, start_date=20241115T212610, end_date=20241115T212619
[2024-11-15T21:26:19.597+0000] {logging_mixin.py:190} INFO - Task instance in success state
[2024-11-15T21:26:19.604+0000] {logging_mixin.py:190} INFO -  Previous state of the Task instance: running
[2024-11-15T21:26:19.654+0000] {logging_mixin.py:190} INFO - Dag name:stock_sentiment_analysis queued_at:2024-11-15 21:25:24.794307+00:00
[2024-11-15T21:26:19.656+0000] {logging_mixin.py:190} INFO - Task hostname:50375b572a3b operator:PythonOperator
[2024-11-15T21:26:19.829+0000] {local_task_job_runner.py:266} INFO - Task exited with return code 0
[2024-11-15T21:26:19.929+0000] {local_task_job_runner.py:245} INFO - ::endgroup::
